<?xml version="1.0" encoding="UTF-8"?>
<!-- Generated by org.testng.reporters.JUnitReportReporter -->
<testsuite hostname="DESKTOP-P2BVMSV" failures="0" tests="1" name="SaimaNova.test.login_test" time="31.888" errors="0" timestamp="2024-02-14T01:35:53 BDT" skipped="0">
  <testcase classname="SaimaNova.test.login_test" name="loginTest" time="31.888"/>
</testsuite> <!-- SaimaNova.test.login_test -->
