<?xml version="1.0" encoding="UTF-8"?>
<!-- Generated by org.testng.reporters.JUnitReportReporter -->
<testsuite hostname="DESKTOP-P2BVMSV" failures="0" tests="1" name="SaimaNova.test.dashboardTest" time="0.049" errors="0" timestamp="2024-02-14T01:34:34 BDT" skipped="0">
  <testcase classname="SaimaNova.test.dashboardTest" name="dashboardTest" time="0.049"/>
</testsuite> <!-- SaimaNova.test.dashboardTest -->
